-------------------------------------------------------------------------------
Test set: pruebas._05_Timeouts_Spec
-------------------------------------------------------------------------------
Tests run: 1, Failures: 1, Errors: 0, Skipped: 0, Time elapsed: 0.167 sec <<< FAILURE! - in pruebas._05_Timeouts_Spec
Esta prueba debe ejecutarse en el tiempo estipulado(pruebas._05_Timeouts_Spec)  Time elapsed: 0.165 sec  <<< FAILURE!
org.spockframework.runtime.SpockTimeoutError: Method timed out after 0,20 seconds
	at com.curso.modelo.negocio.Calculadora.calculoExtremadamenteComplejo(Calculadora.java:27)
	at pruebas._05_Timeouts_Spec.Esta prueba debe ejecutarse en el tiempo estipulado(_05_Timeouts_Spec.groovy:22)

