<?xml version="1.0" encoding="UTF-8"?>
<testsuite xmlns:xsi="http://www.w3.org/2001/XMLSchema-instance" xsi:noNamespaceSchemaLocation="https://maven.apache.org/surefire/maven-surefire-plugin/xsd/surefire-test-report.xsd" version="3.0" name="pruebas._05_Timeouts_Spec" time="0.249" tests="1" errors="0" skipped="0" failures="1">
  <properties>
[...]
</properties>
  <testcase name="Esta prueba debe ejecutarse en el tiempo estipulado" classname="pruebas._05_Timeouts_Spec" time="0.242">
    <failure message="Method timed out after 0,20 seconds" type="Method timed out after 0,20 seconds&#10;	at app//com.curso.modelo.negocio.Calculadora.calculoExtremadamenteComplejo(Calculadora.java"><![CDATA[Method timed out after 0,20 seconds
	at app//com.curso.modelo.negocio.Calculadora.calculoExtremadamenteComplejo(Calculadora.java:27)
	at pruebas._05_Timeouts_Spec.Esta prueba debe ejecutarse en el tiempo estipulado(_05_Timeouts_Spec.groovy:22)
]]></failure>
    <system-out><![CDATA[Creando Calculadora
]]></system-out>
    <system-err><![CDATA[java.lang.InterruptedException: sleep interrupted
	at java.base/java.lang.Thread.sleep(Native Method)
	at com.curso.modelo.negocio.Calculadora.calculoExtremadamenteComplejo(Calculadora.java:27)
	at org.codehaus.groovy.vmplugin.v8.IndyInterface.fromCache(IndyInterface.java:321)
	at pruebas._05_Timeouts_Spec.$spock_feature_0_0(_05_Timeouts_Spec.groovy:22)
	at java.base/jdk.internal.reflect.NativeMethodAccessorImpl.invoke0(Native Method)
	at java.base/jdk.internal.reflect.NativeMethodAccessorImpl.invoke(NativeMethodAccessorImpl.java:77)
	at java.base/jdk.internal.reflect.DelegatingMethodAccessorImpl.invoke(DelegatingMethodAccessorImpl.java:43)
	at java.base/java.lang.reflect.Method.invoke(Method.java:568)
	at org.spockframework.util.ReflectionUtil.invokeMethod(ReflectionUtil.java:187)
	at org.spockframework.runtime.model.MethodInfo.lambda$new$0(MethodInfo.java:49)
	at org.spockframework.runtime.model.MethodInfo.invoke(MethodInfo.java:156)
	at org.spockframework.runtime.extension.MethodInvocation.proceed(MethodInvocation.java:102)
	at org.spockframework.runtime.extension.builtin.TimeoutInterceptor.intercept(TimeoutInterceptor.java:93)
	at org.spockframework.runtime.extension.MethodInvocation.proceed(MethodInvocation.java:101)
	at org.spockframework.junit4.ExceptionAdapterInterceptor.intercept(ExceptionAdapterInterceptor.java:13)
	at org.spockframework.runtime.extension.MethodInvocation.proceed(MethodInvocation.java:101)
	at org.spockframework.runtime.PlatformSpecRunner.invoke(PlatformSpecRunner.java:398)
	at org.spockframework.runtime.PlatformSpecRunner.runFeatureMethod(PlatformSpecRunner.java:324)
	at org.spockframework.runtime.IterationNode.execute(IterationNode.java:50)
	at org.spockframework.runtime.SimpleFeatureNode.execute(SimpleFeatureNode.java:58)
	at org.spockframework.runtime.SimpleFeatureNode.execute(SimpleFeatureNode.java:15)
	at org.junit.platform.engine.support.hierarchical.NodeTestTask.lambda$executeRecursively$6(NodeTestTask.java:151)
	at org.junit.platform.engine.support.hierarchical.ThrowableCollector.execute(ThrowableCollector.java:73)
	at org.junit.platform.engine.support.hierarchical.NodeTestTask.lambda$executeRecursively$8(NodeTestTask.java:141)
	at org.spockframework.runtime.SpockNode.sneakyInvoke(SpockNode.java:40)
	at org.spockframework.runtime.IterationNode.lambda$around$0(IterationNode.java:67)
	at org.spockframework.runtime.PlatformSpecRunner.lambda$createMethodInfoForDoRunIteration$5(PlatformSpecRunner.java:236)
	at org.spockframework.runtime.model.MethodInfo.invoke(MethodInfo.java:156)
	at org.spockframework.runtime.extension.MethodInvocation.proceed(MethodInvocation.java:102)
	at org.spockframework.junit4.ExceptionAdapterInterceptor.intercept(ExceptionAdapterInterceptor.java:13)
	at org.spockframework.runtime.extension.MethodInvocation.proceed(MethodInvocation.java:101)
	at org.spockframework.runtime.PlatformSpecRunner.invoke(PlatformSpecRunner.java:398)
	at org.spockframework.runtime.PlatformSpecRunner.runIteration(PlatformSpecRunner.java:218)
	at org.spockframework.runtime.IterationNode.around(IterationNode.java:67)
	at org.spockframework.runtime.SimpleFeatureNode.lambda$around$0(SimpleFeatureNode.java:52)
	at org.spockframework.runtime.SpockNode.sneakyInvoke(SpockNode.java:40)
	at org.spockframework.runtime.FeatureNode.lambda$around$0(FeatureNode.java:41)
	at org.spockframework.runtime.PlatformSpecRunner.lambda$createMethodInfoForDoRunFeature$4(PlatformSpecRunner.java:199)
	at org.spockframework.runtime.model.MethodInfo.invoke(MethodInfo.java:156)
	at org.spockframework.runtime.PlatformSpecRunner.invokeRaw(PlatformSpecRunner.java:407)
	at org.spockframework.runtime.PlatformSpecRunner.invoke(PlatformSpecRunner.java:390)
	at org.spockframework.runtime.PlatformSpecRunner.runFeature(PlatformSpecRunner.java:192)
	at org.spockframework.runtime.FeatureNode.around(FeatureNode.java:41)
	at org.spockframework.runtime.SimpleFeatureNode.around(SimpleFeatureNode.java:52)
	at org.spockframework.runtime.SimpleFeatureNode.around(SimpleFeatureNode.java:15)
	at org.junit.platform.engine.support.hierarchical.NodeTestTask.lambda$executeRecursively$9(NodeTestTask.java:139)
	at org.junit.platform.engine.support.hierarchical.ThrowableCollector.execute(ThrowableCollector.java:73)
	at org.junit.platform.engine.support.hierarchical.NodeTestTask.executeRecursively(NodeTestTask.java:138)
	at org.junit.platform.engine.support.hierarchical.NodeTestTask.execute(NodeTestTask.java:95)
	at java.base/java.util.ArrayList.forEach(ArrayList.java:1511)
	at org.junit.platform.engine.support.hierarchical.SameThreadHierarchicalTestExecutorService.invokeAll(SameThreadHierarchicalTestExecutorService.java:41)
	at org.junit.platform.engine.support.hierarchical.NodeTestTask.lambda$executeRecursively$6(NodeTestTask.java:155)
	at org.junit.platform.engine.support.hierarchical.ThrowableCollector.execute(ThrowableCollector.java:73)
	at org.junit.platform.engine.support.hierarchical.NodeTestTask.lambda$executeRecursively$8(NodeTestTask.java:141)
	at org.spockframework.runtime.SpockNode.sneakyInvoke(SpockNode.java:40)
	at org.spockframework.runtime.SpecNode.lambda$around$0(SpecNode.java:63)
	at org.spockframework.runtime.PlatformSpecRunner.lambda$createMethodInfoForDoRunSpec$0(PlatformSpecRunner.java:61)
	at org.spockframework.runtime.model.MethodInfo.invoke(MethodInfo.java:156)
	at org.spockframework.runtime.PlatformSpecRunner.invokeRaw(PlatformSpecRunner.java:407)
	at org.spockframework.runtime.PlatformSpecRunner.invoke(PlatformSpecRunner.java:390)
	at org.spockframework.runtime.PlatformSpecRunner.runSpec(PlatformSpecRunner.java:55)
	at org.spockframework.runtime.SpecNode.around(SpecNode.java:63)
	at org.spockframework.runtime.SpecNode.around(SpecNode.java:11)
	at org.junit.platform.engine.support.hierarchical.NodeTestTask.lambda$executeRecursively$9(NodeTestTask.java:139)
	at org.junit.platform.engine.support.hierarchical.ThrowableCollector.execute(ThrowableCollector.java:73)
	at org.junit.platform.engine.support.hierarchical.NodeTestTask.executeRecursively(NodeTestTask.java:138)
	at org.junit.platform.engine.support.hierarchical.NodeTestTask.execute(NodeTestTask.java:95)
	at java.base/java.util.ArrayList.forEach(ArrayList.java:1511)
	at org.junit.platform.engine.support.hierarchical.SameThreadHierarchicalTestExecutorService.invokeAll(SameThreadHierarchicalTestExecutorService.java:41)
	at org.junit.platform.engine.support.hierarchical.NodeTestTask.lambda$executeRecursively$6(NodeTestTask.java:155)
	at org.junit.platform.engine.support.hierarchical.ThrowableCollector.execute(ThrowableCollector.java:73)
	at org.junit.platform.engine.support.hierarchical.NodeTestTask.lambda$executeRecursively$8(NodeTestTask.java:141)
	at org.junit.platform.engine.support.hierarchical.Node.around(Node.java:137)
	at org.junit.platform.engine.support.hierarchical.NodeTestTask.lambda$executeRecursively$9(NodeTestTask.java:139)
	at org.junit.platform.engine.support.hierarchical.ThrowableCollector.execute(ThrowableCollector.java:73)
	at org.junit.platform.engine.support.hierarchical.NodeTestTask.executeRecursively(NodeTestTask.java:138)
	at org.junit.platform.engine.support.hierarchical.NodeTestTask.execute(NodeTestTask.java:95)
	at org.junit.platform.engine.support.hierarchical.SameThreadHierarchicalTestExecutorService.submit(SameThreadHierarchicalTestExecutorService.java:35)
	at org.junit.platform.engine.support.hierarchical.HierarchicalTestExecutor.execute(HierarchicalTestExecutor.java:57)
	at org.junit.platform.engine.support.hierarchical.HierarchicalTestEngine.execute(HierarchicalTestEngine.java:54)
	at org.junit.platform.launcher.core.EngineExecutionOrchestrator.execute(EngineExecutionOrchestrator.java:147)
	at org.junit.platform.launcher.core.EngineExecutionOrchestrator.execute(EngineExecutionOrchestrator.java:127)
	at org.junit.platform.launcher.core.EngineExecutionOrchestrator.execute(EngineExecutionOrchestrator.java:90)
	at org.junit.platform.launcher.core.EngineExecutionOrchestrator.lambda$execute$0(EngineExecutionOrchestrator.java:55)
	at org.junit.platform.launcher.core.EngineExecutionOrchestrator.withInterceptedStreams(EngineExecutionOrchestrator.java:102)
	at org.junit.platform.launcher.core.EngineExecutionOrchestrator.execute(EngineExecutionOrchestrator.java:54)
	at org.junit.platform.launcher.core.DefaultLauncher.execute(DefaultLauncher.java:114)
	at org.junit.platform.launcher.core.DefaultLauncher.execute(DefaultLauncher.java:86)
	at org.junit.platform.launcher.core.DefaultLauncherSession$DelegatingLauncher.execute(DefaultLauncherSession.java:86)
	at org.apache.maven.surefire.junitplatform.LazyLauncher.execute(LazyLauncher.java:56)
	at org.apache.maven.surefire.junitplatform.JUnitPlatformProvider.execute(JUnitPlatformProvider.java:184)
	at org.apache.maven.surefire.junitplatform.JUnitPlatformProvider.invokeAllTests(JUnitPlatformProvider.java:148)
	at org.apache.maven.surefire.junitplatform.JUnitPlatformProvider.invoke(JUnitPlatformProvider.java:122)
	at org.apache.maven.surefire.booter.ForkedBooter.runSuitesInProcess(ForkedBooter.java:385)
	at org.apache.maven.surefire.booter.ForkedBooter.execute(ForkedBooter.java:162)
	at org.apache.maven.surefire.booter.ForkedBooter.run(ForkedBooter.java:507)
	at org.apache.maven.surefire.booter.ForkedBooter.main(ForkedBooter.java:495)
]]></system-err>
  </testcase>
</testsuite>