<?xml version="1.0" encoding="UTF-8"?>
<testsuite xmlns:xsi="http://www.w3.org/2001/XMLSchema-instance" xsi:noNamespaceSchemaLocation="https://maven.apache.org/surefire/maven-surefire-plugin/xsd/surefire-test-report-3.0.xsd" version="3.0" name="pruebas._03_CicloDeVida_II_Spec" time="0.128" tests="2" errors="0" skipped="0" failures="0">
  <properties>
[...]
</properties>
  <testcase name="calculadora.sumar suma correctamente" classname="pruebas._03_CicloDeVida_II_Spec" time="0.06">
    <system-out><![CDATA[Antes de los test
Antes de cada test
Creando Calculadora
Despues de cada test
]]></system-out>
  </testcase>
  <testcase name="calculadora.cuadrado eleva al cuadrado correctamente BIS" classname="pruebas._03_CicloDeVida_II_Spec" time="0.002">
    <system-out><![CDATA[Antes de cada test
Creando Calculadora
Despues de cada test
]]></system-out>
  </testcase>
</testsuite>