<?xml version="1.0" encoding="UTF-8"?>
<!-- Generated by org.testng.reporters.JUnitXMLReporter -->
<testsuite ignored="0" hostname="DESKTOP-OB4CSQL" failures="0" tests="3" name="Test_parallel_dos" time="0.068" errors="0" timestamp="2021-06-07T08:13:24 CEST">
  <testcase classname="ejemplos.parallel.TestCalculadora" name="cuadradoFuncionaCorrectamente" time="0.001"/>
  <testcase classname="ejemplos.parallel.TestCalculadora" name="dividirFuncionaCorrectamente" time="0.002"/>
  <testcase classname="ejemplos.parallel.TestCalculadora" name="laSumaDebeSerCorrecta" time="0.001"/>
</testsuite> <!-- Test_parallel_dos -->
