<?xml version="1.0" encoding="UTF-8"?>
<!-- Generated by org.testng.reporters.JUnitXMLReporter -->
<testsuite ignored="0" hostname="DESKTOP-OB4CSQL" failures="0" tests="3" name="Test_Ejemplo_04" time="0.07" errors="0" timestamp="2021-06-06T18:19:45 CEST">
  <testcase classname="ejemplos._04_Ciclo_de_vida_2" name="cuadradoFuncionaCorrectamente" time="0.01"/>
  <testcase classname="ejemplos._04_Ciclo_de_vida_2" name="dividirFuncionaCorrectamente" time="0.001"/>
  <testcase classname="ejemplos._04_Ciclo_de_vida_2" name="laSumaDebeSerCorrecta" time="0.002"/>
</testsuite> <!-- Test_Ejemplo_04 -->
