<?xml version="1.0" encoding="UTF-8"?>
<testng-results skipped="0" failed="0" ignored="0" total="2" passed="2">
  <reporter-output>
  </reporter-output>
  <suite name="Surefire suite" duration-ms="16331" started-at="2021-01-31T19:30:34Z" finished-at="2021-01-31T19:30:50Z">
    <groups>
    </groups>
    <test name="Surefire test" duration-ms="16331" started-at="2021-01-31T19:30:34Z" finished-at="2021-01-31T19:30:50Z">
      <class name="pruebas._10_GebSpec">
        <test-method status="PASS" signature="pantalla de login(pruebas._10_GebSpec)" name="pantalla de login" duration-ms="9582" started-at="2021-01-31T20:30:34Z" finished-at="2021-01-31T20:30:43Z">
          <reporter-output>
          </reporter-output>
        </test-method> <!-- pantalla de login -->
      </class> <!-- pruebas._10_GebSpec -->
      <class name="pruebas._11_PaginaClientes_Spec">
        <test-method status="PASS" signature="insertarCliente(pruebas._11_PaginaClientes_Spec)" name="insertarCliente" duration-ms="6677" started-at="2021-01-31T20:30:43Z" finished-at="2021-01-31T20:30:50Z">
          <reporter-output>
          </reporter-output>
        </test-method> <!-- insertarCliente -->
      </class> <!-- pruebas._11_PaginaClientes_Spec -->
    </test> <!-- Surefire test -->
  </suite> <!-- Surefire suite -->
</testng-results>
