<?xml version="1.0" encoding="UTF-8"?>
<testsuite name="pruebas._02_Chrome_Spec" time="0.806" tests="2" errors="0" skipped="0" failures="2">
  <properties>
[...]
</properties>
  <testcase name="pantalla de login on pantalla de login(pruebas._02_Chrome_Spec)" classname="pruebas._02_Chrome_Spec" time="0.806">
    <failure message="The path to the driver executable must be set by the webdriver.gecko.driver system property; for more information, see https://github.com/mozilla/geckodriver. The latest version can be downloaded from https://github.com/mozilla/geckodriver/releases" type="java.lang.IllegalStateException"><![CDATA[java.lang.IllegalStateException: The path to the driver executable must be set by the webdriver.gecko.driver system property; for more information, see https://github.com/mozilla/geckodriver. The latest version can be downloaded from https://github.com/mozilla/geckodriver/releases
	at com.google.common.base.Preconditions.checkState(Preconditions.java:847)
	at org.openqa.selenium.remote.service.DriverService.findExecutable(DriverService.java:134)
	at org.openqa.selenium.firefox.GeckoDriverService.access$100(GeckoDriverService.java:44)
	at org.openqa.selenium.firefox.GeckoDriverService$Builder.findDefaultExecutable(GeckoDriverService.java:167)
	at org.openqa.selenium.remote.service.DriverService$Builder.build(DriverService.java:355)
	at org.openqa.selenium.firefox.FirefoxDriver.toExecutor(FirefoxDriver.java:190)
	at org.openqa.selenium.firefox.FirefoxDriver.<init>(FirefoxDriver.java:147)
	at org.openqa.selenium.firefox.FirefoxDriver.<init>(FirefoxDriver.java:125)
	at geb.driver.NameBasedDriverFactory.getDriver(NameBasedDriverFactory.groovy:44)
	at geb.driver.CachingDriverFactory.getDriver_closure4(CachingDriverFactory.groovy:57)
	at geb.driver.CachingDriverFactory.getDriver_closure4(CachingDriverFactory.groovy)
	at geb.driver.CachingDriverFactory$SimpleCache.get(CachingDriverFactory.groovy:81)
	at geb.driver.CachingDriverFactory.getDriver(CachingDriverFactory.groovy:56)
	at geb.Configuration.createDriver(Configuration.groovy:697)
	at geb.Configuration.getDriver(Configuration.groovy:370)
	at geb.Browser.getDriver(Browser.groovy:162)
	at geb.Browser.retrieveCurrentUri(Browser.groovy:1179)
	at geb.Browser.go(Browser.groovy:529)
	at geb.Browser.go(Browser.groovy:507)
	at geb.spock.GebSpec.methodMissing(GebSpec.groovy:60)
	at pruebas._02_Chrome_Spec.pantalla de login(_02_Chrome_Spec.groovy:16)
]]></failure>
    <system-out><![CDATA[Configuring TestNG with: TestNG652Configurator
]]></system-out>
  </testcase>
  <testcase name="pantalla de login on pantalla de login(pruebas._02_Chrome_Spec)" classname="pruebas._02_Chrome_Spec" time="0.817">
    <failure message="The path to the driver executable must be set by the webdriver.gecko.driver system property; for more information, see https://github.com/mozilla/geckodriver. The latest version can be downloaded from https://github.com/mozilla/geckodriver/releases" type="java.lang.IllegalStateException"><![CDATA[java.lang.IllegalStateException: The path to the driver executable must be set by the webdriver.gecko.driver system property; for more information, see https://github.com/mozilla/geckodriver. The latest version can be downloaded from https://github.com/mozilla/geckodriver/releases
	at com.google.common.base.Preconditions.checkState(Preconditions.java:847)
	at org.openqa.selenium.remote.service.DriverService.findExecutable(DriverService.java:134)
	at org.openqa.selenium.firefox.GeckoDriverService.access$100(GeckoDriverService.java:44)
	at org.openqa.selenium.firefox.GeckoDriverService$Builder.findDefaultExecutable(GeckoDriverService.java:167)
	at org.openqa.selenium.remote.service.DriverService$Builder.build(DriverService.java:355)
	at org.openqa.selenium.firefox.FirefoxDriver.toExecutor(FirefoxDriver.java:190)
	at org.openqa.selenium.firefox.FirefoxDriver.<init>(FirefoxDriver.java:147)
	at org.openqa.selenium.firefox.FirefoxDriver.<init>(FirefoxDriver.java:125)
	at geb.driver.NameBasedDriverFactory.getDriver(NameBasedDriverFactory.groovy:44)
	at geb.driver.CachingDriverFactory.getDriver_closure4(CachingDriverFactory.groovy:57)
	at geb.driver.CachingDriverFactory.getDriver_closure4(CachingDriverFactory.groovy)
	at geb.driver.CachingDriverFactory$SimpleCache.get(CachingDriverFactory.groovy:81)
	at geb.driver.CachingDriverFactory.getDriver(CachingDriverFactory.groovy:56)
	at geb.Configuration.createDriver(Configuration.groovy:697)
	at geb.Configuration.getDriver(Configuration.groovy:370)
	at geb.Browser.getDriver(Browser.groovy:162)
	at geb.Browser.clearCookies(Browser.groovy:651)
	at geb.Browser.clearCookiesQuietly(Browser.groovy:659)
	at geb.spock.GebSpec.resetBrowser(GebSpec.groovy:51)
	at geb.spock.GebSpec.cleanup(GebSpec.groovy:73)
]]></failure>
  </testcase>
</testsuite>