<?xml version="1.0" encoding="UTF-8"?>
<testsuite xmlns:xsi="http://www.w3.org/2001/XMLSchema-instance" xsi:noNamespaceSchemaLocation="https://maven.apache.org/surefire/maven-surefire-plugin/xsd/surefire-test-report.xsd" name="ejemplos._02_Asertos_Test" time="0.045" tests="12" errors="0" skipped="0" failures="2">
  <properties>
    <property name="java.specification.version" value="17"/>
    <property name="sun.cpu.isalist" value="amd64"/>
    <property name="sun.jnu.encoding" value="Cp1252"/>
    <property name="java.class.path" value="D:\JAVA\workspaces\HERRAMIENTAS\ws_TDD_Mejoras\Ej01_JUnit5\target\test-classes;D:\JAVA\workspaces\HERRAMIENTAS\ws_TDD_Mejoras\Ej01_JUnit5\target\classes;C:\Users\uno\.m2\repository\org\junit\jupiter\junit-jupiter-api\5.7.2\junit-jupiter-api-5.7.2.jar;C:\Users\uno\.m2\repository\org\apiguardian\apiguardian-api\1.1.0\apiguardian-api-1.1.0.jar;C:\Users\uno\.m2\repository\org\opentest4j\opentest4j\1.2.0\opentest4j-1.2.0.jar;C:\Users\uno\.m2\repository\org\junit\platform\junit-platform-commons\1.7.2\junit-platform-commons-1.7.2.jar;C:\Users\uno\.m2\repository\org\junit\jupiter\junit-jupiter-engine\5.7.2\junit-jupiter-engine-5.7.2.jar;C:\Users\uno\.m2\repository\org\junit\platform\junit-platform-engine\1.7.2\junit-platform-engine-1.7.2.jar;C:\Users\uno\.m2\repository\org\junit\jupiter\junit-jupiter-params\5.7.2\junit-jupiter-params-5.7.2.jar;"/>
    <property name="java.vm.vendor" value="Oracle Corporation"/>
    <property name="sun.arch.data.model" value="64"/>
    <property name="user.variant" value=""/>
    <property name="java.vendor.url" value="https://java.oracle.com/"/>
    <property name="user.timezone" value="Europe/Madrid"/>
    <property name="os.name" value="Windows 10"/>
    <property name="java.vm.specification.version" value="17"/>
    <property name="sun.java.launcher" value="SUN_STANDARD"/>
    <property name="user.country" value="ES"/>
    <property name="sun.boot.library.path" value="C:\Program Files\Java\jdk-17.0.2\bin"/>
    <property name="sun.java.command" value="C:\Users\uno\AppData\Local\Temp\surefire11743739947776205243\surefirebooter7722976078784223570.jar C:\Users\uno\AppData\Local\Temp\surefire11743739947776205243 2022-04-26T12-45-55_918-jvmRun1 surefire15010357766034297812tmp surefire_09866432182523440613tmp"/>
    <property name="jdk.debug" value="release"/>
    <property name="surefire.test.class.path" value="D:\JAVA\workspaces\HERRAMIENTAS\ws_TDD_Mejoras\Ej01_JUnit5\target\test-classes;D:\JAVA\workspaces\HERRAMIENTAS\ws_TDD_Mejoras\Ej01_JUnit5\target\classes;C:\Users\uno\.m2\repository\org\junit\jupiter\junit-jupiter-api\5.7.2\junit-jupiter-api-5.7.2.jar;C:\Users\uno\.m2\repository\org\apiguardian\apiguardian-api\1.1.0\apiguardian-api-1.1.0.jar;C:\Users\uno\.m2\repository\org\opentest4j\opentest4j\1.2.0\opentest4j-1.2.0.jar;C:\Users\uno\.m2\repository\org\junit\platform\junit-platform-commons\1.7.2\junit-platform-commons-1.7.2.jar;C:\Users\uno\.m2\repository\org\junit\jupiter\junit-jupiter-engine\5.7.2\junit-jupiter-engine-5.7.2.jar;C:\Users\uno\.m2\repository\org\junit\platform\junit-platform-engine\1.7.2\junit-platform-engine-1.7.2.jar;C:\Users\uno\.m2\repository\org\junit\jupiter\junit-jupiter-params\5.7.2\junit-jupiter-params-5.7.2.jar;"/>
    <property name="sun.cpu.endian" value="little"/>
    <property name="user.home" value="C:\Users\uno"/>
    <property name="user.language" value="es"/>
    <property name="java.specification.vendor" value="Oracle Corporation"/>
    <property name="java.version.date" value="2022-01-18"/>
    <property name="java.home" value="C:\Program Files\Java\jdk-17.0.2"/>
    <property name="file.separator" value="\"/>
    <property name="basedir" value="D:\JAVA\workspaces\HERRAMIENTAS\ws_TDD_Mejoras\Ej01_JUnit5"/>
    <property name="java.vm.compressedOopsMode" value="Zero based"/>
    <property name="line.separator" value="&#10;"/>
    <property name="java.vm.specification.vendor" value="Oracle Corporation"/>
    <property name="java.specification.name" value="Java Platform API Specification"/>
    <property name="surefire.real.class.path" value="C:\Users\uno\AppData\Local\Temp\surefire11743739947776205243\surefirebooter7722976078784223570.jar"/>
    <property name="user.script" value=""/>
    <property name="sun.management.compiler" value="HotSpot 64-Bit Tiered Compilers"/>
    <property name="java.runtime.version" value="17.0.2+8-LTS-86"/>
    <property name="user.name" value="uno"/>
    <property name="path.separator" value=";"/>
    <property name="os.version" value="10.0"/>
    <property name="java.runtime.name" value="Java(TM) SE Runtime Environment"/>
    <property name="file.encoding" value="Cp1252"/>
    <property name="java.vm.name" value="Java HotSpot(TM) 64-Bit Server VM"/>
    <property name="localRepository" value="C:\Users\uno\.m2\repository"/>
    <property name="java.vendor.url.bug" value="https://bugreport.java.com/bugreport/"/>
    <property name="java.io.tmpdir" value="C:\Users\uno\AppData\Local\Temp\"/>
    <property name="java.version" value="17.0.2"/>
    <property name="user.dir" value="D:\JAVA\workspaces\HERRAMIENTAS\ws_TDD_Mejoras\Ej01_JUnit5"/>
    <property name="os.arch" value="amd64"/>
    <property name="java.vm.specification.name" value="Java Virtual Machine Specification"/>
    <property name="sun.os.patch.level" value=""/>
    <property name="native.encoding" value="Cp1252"/>
    <property name="java.library.path" value="C:\Program Files\Java\jdk-17.0.2\bin;C:\WINDOWS\Sun\Java\bin;C:\WINDOWS\system32;C:\WINDOWS;C:\Program Files\Common Files\Oracle\Java\javapath;C:\Windows\system32;C:\Windows;C:\Windows\System32\Wbem;C:\Windows\System32\WindowsPowerShell\v1.0\;C:\Windows\System32\OpenSSH\;C:\Program Files\Java\jdk1.8.0_231\bin;D:\JAVA\apache-maven-3.8.5\bin;D:\JAVA\gradle-7.3.3\bin;D:\JAVA\grails-4.0.9\bin;C:\Program Files\Git\cmd;C:\Program Files\nodejs\;C:\Python39\;C:\Python39\Scripts\;C:\ProgramData\chocolatey\bin;C:\Program Files\NVIDIA Corporation\NVIDIA NvDLISR;C:\Program Files (x86)\NVIDIA Corporation\PhysX\Common;C:\WINDOWS\system32;C:\WINDOWS;C:\WINDOWS\System32\Wbem;C:\WINDOWS\System32\WindowsPowerShell\v1.0\;C:\WINDOWS\System32\OpenSSH\;C:\tools\ruby27\bin;C:\Program Files\Microsoft SQL Server\150\Tools\Binn\;C:\Program Files\Microsoft SQL Server\Client SDK\ODBC\170\Tools\Binn\;C:\Program Files\dotnet\;C:\Program Files (x86)\dotnet\;C:\Program Files\Amazon\AWSCLIV2\;C:\Users\uno\AppData\Local\Programs\Python\Python310\Scripts\;C:\Users\uno\AppData\Local\Programs\Python\Python310\;C:\Users\uno\AppData\Local\Microsoft\WindowsApps;C:\Users\uno\AppData\Local\Programs\Microsoft VS Code\bin;C:\Users\uno\AppData\Local\Microsoft\WindowsApps;C:\Users\uno\AppData\Roaming\npm;C:\Users\uno\.dotnet\tools;."/>
    <property name="java.vm.info" value="mixed mode, sharing"/>
    <property name="java.vendor" value="Oracle Corporation"/>
    <property name="java.vm.version" value="17.0.2+8-LTS-86"/>
    <property name="sun.io.unicode.encoding" value="UnicodeLittle"/>
    <property name="java.class.version" value="61.0"/>
  </properties>
  <testcase name="test10" classname="ejemplos._02_Asertos_Test" time="0.001"/>
  <testcase name="test11" classname="ejemplos._02_Asertos_Test" time="0.01">
    <failure message="Test fallido" type="org.opentest4j.AssertionFailedError">org.opentest4j.AssertionFailedError: Test fallido
	at ejemplos._02_Asertos_Test.test11(_02_Asertos_Test.java:165)
</failure>
    <system-out><![CDATA[Test 11
]]></system-out>
  </testcase>
  <testcase name="test12" classname="ejemplos._02_Asertos_Test" time="0.009">
    <failure message="Multiple Failures (2 failures)&#10;	org.opentest4j.AssertionFailedError: La suma es nula! ==&gt; expected: &lt;true&gt; but was: &lt;false&gt;&#10;	org.opentest4j.AssertionFailedError: La suma es menor que 10! ==&gt; expected: &lt;true&gt; but was: &lt;false&gt;" type="org.opentest4j.MultipleFailuresError"><![CDATA[org.opentest4j.MultipleFailuresError: 
Multiple Failures (2 failures)
	org.opentest4j.AssertionFailedError: La suma es nula! ==> expected: <true> but was: <false>
	org.opentest4j.AssertionFailedError: La suma es menor que 10! ==> expected: <true> but was: <false>
	at ejemplos._02_Asertos_Test.test12(_02_Asertos_Test.java:234)
]]></failure>
    <system-out><![CDATA[Test 12
Creando Calculadora
-I
-II
-III
]]></system-out>
  </testcase>
  <testcase name="test1" classname="ejemplos._02_Asertos_Test" time="0.003"/>
  <testcase name="test2" classname="ejemplos._02_Asertos_Test" time="0.003"/>
  <testcase name="test3" classname="ejemplos._02_Asertos_Test" time="0.001"/>
  <testcase name="test4" classname="ejemplos._02_Asertos_Test" time="0.001"/>
  <testcase name="test5" classname="ejemplos._02_Asertos_Test" time="0.001"/>
  <testcase name="test6" classname="ejemplos._02_Asertos_Test" time="0.001"/>
  <testcase name="test7" classname="ejemplos._02_Asertos_Test" time="0.004"/>
  <testcase name="test8" classname="ejemplos._02_Asertos_Test" time="0.003"/>
  <testcase name="test9" classname="ejemplos._02_Asertos_Test" time="0.001"/>
</testsuite>