<?xml version="1.0" encoding="UTF-8"?>
<testsuite xmlns:xsi="http://www.w3.org/2001/XMLSchema-instance" xsi:noNamespaceSchemaLocation="https://maven.apache.org/surefire/maven-surefire-plugin/xsd/surefire-test-report.xsd" name="ejemplos._02_Asertos_Test" time="0.045" tests="12" errors="0" skipped="0" failures="2">
  <properties>
[...]
</properties>
  <testcase name="test10" classname="ejemplos._02_Asertos_Test" time="0.001"/>
  <testcase name="test11" classname="ejemplos._02_Asertos_Test" time="0.01">
    <failure message="Test fallido" type="org.opentest4j.AssertionFailedError">org.opentest4j.AssertionFailedError: Test fallido
	at ejemplos._02_Asertos_Test.test11(_02_Asertos_Test.java:165)
</failure>
    <system-out><![CDATA[Test 11
]]></system-out>
  </testcase>
  <testcase name="test12" classname="ejemplos._02_Asertos_Test" time="0.009">
    <failure message="Multiple Failures (2 failures)&#10;	org.opentest4j.AssertionFailedError: La suma es nula! ==&gt; expected: &lt;true&gt; but was: &lt;false&gt;&#10;	org.opentest4j.AssertionFailedError: La suma es menor que 10! ==&gt; expected: &lt;true&gt; but was: &lt;false&gt;" type="org.opentest4j.MultipleFailuresError"><![CDATA[org.opentest4j.MultipleFailuresError: 
Multiple Failures (2 failures)
	org.opentest4j.AssertionFailedError: La suma es nula! ==> expected: <true> but was: <false>
	org.opentest4j.AssertionFailedError: La suma es menor que 10! ==> expected: <true> but was: <false>
	at ejemplos._02_Asertos_Test.test12(_02_Asertos_Test.java:234)
]]></failure>
    <system-out><![CDATA[Test 12
Creando Calculadora
-I
-II
-III
]]></system-out>
  </testcase>
  <testcase name="test1" classname="ejemplos._02_Asertos_Test" time="0.003"/>
  <testcase name="test2" classname="ejemplos._02_Asertos_Test" time="0.003"/>
  <testcase name="test3" classname="ejemplos._02_Asertos_Test" time="0.001"/>
  <testcase name="test4" classname="ejemplos._02_Asertos_Test" time="0.001"/>
  <testcase name="test5" classname="ejemplos._02_Asertos_Test" time="0.001"/>
  <testcase name="test6" classname="ejemplos._02_Asertos_Test" time="0.001"/>
  <testcase name="test7" classname="ejemplos._02_Asertos_Test" time="0.004"/>
  <testcase name="test8" classname="ejemplos._02_Asertos_Test" time="0.003"/>
  <testcase name="test9" classname="ejemplos._02_Asertos_Test" time="0.001"/>
</testsuite>