<?xml version="1.0" encoding="UTF-8"?>
<testsuite xmlns:xsi="http://www.w3.org/2001/XMLSchema-instance" xsi:schemaLocation="https://maven.apache.org/surefire/maven-surefire-plugin/xsd/surefire-test-report.xsd" name="com.curso.modelo.negocio.TestParametrizado" time="0.026" tests="8" errors="0" skipped="0" failures="0">
  <properties>
[...]
</properties>
  <testcase name="ejemplo{String}[1]" classname="com.curso.modelo.negocio.TestParametrizado" time="0.003"/>
  <testcase name="ejemplo{String}[2]" classname="com.curso.modelo.negocio.TestParametrizado" time="0.001"/>
  <testcase name="ejemplo{String}[3]" classname="com.curso.modelo.negocio.TestParametrizado" time="0.001"/>
  <testcase name="testWithMultiArgMethodSource{Double, Double}[1]" classname="com.curso.modelo.negocio.TestParametrizado" time="0.001"/>
  <testcase name="testWithMultiArgMethodSource{Double, Double}[2]" classname="com.curso.modelo.negocio.TestParametrizado" time="0.001"/>
  <testcase name="testWithMultiArgMethodSource{Double, Double}[3]" classname="com.curso.modelo.negocio.TestParametrizado" time="0.001"/>
  <testcase name="testWithMultiArgMethodSource{Double, Double}[4]" classname="com.curso.modelo.negocio.TestParametrizado" time="0.001"/>
  <testcase name="testWithMultiArgMethodSource{Double, Double}[5]" classname="com.curso.modelo.negocio.TestParametrizado" time="0.001"/>
</testsuite>