<?xml version="1.0" encoding="UTF-8"?>
<testsuite xmlns:xsi="http://www.w3.org/2001/XMLSchema-instance" xsi:noNamespaceSchemaLocation="https://maven.apache.org/surefire/maven-surefire-plugin/xsd/surefire-test-report-3.0.xsd" version="3.0" name="pruebas.GestorPedidos_Spec" time="0.887" tests="3" errors="0" skipped="0" failures="0">
  <properties>
[...]
</properties>
  <testcase name="test un pedido con datos correctos se inserta correctamente" classname="pruebas.GestorPedidos_Spec" time="0.849"/>
  <testcase name="un pedido con un cliente de datos bancarios incorrectos lanza DatosBancariosEx" classname="pruebas.GestorPedidos_Spec" time="0.02"/>
  <testcase name="un pedido con falla si no hay existencias lanzando ExistenciasException" classname="pruebas.GestorPedidos_Spec" time="0.009"/>
</testsuite>