<?xml version="1.0" encoding="UTF-8"?>
<!-- Generated by org.testng.reporters.JUnitXMLReporter -->
<testsuite ignored="0" hostname="DESKTOP-OB4CSQL" failures="0" tests="2" name="Default test" time="0.055" errors="0" timestamp="2021-06-08T12:07:52 CEST">
  <testcase classname="ejemplos.precondiciones.Test_Precondiciones" name="estoSoloTieneSentidoEnLinux" time="0.015">
    <skipped/>
  </testcase> <!-- estoSoloTieneSentidoEnLinux -->
  <testcase classname="ejemplos.precondiciones.Test_Precondiciones" name="estoSoloTieneSentidoEnWindows" time="0.001"/>
</testsuite> <!-- Default test -->
