<?xml version="1.0" encoding="UTF-8"?>
<!-- Generated by org.testng.reporters.JUnitXMLReporter -->
<testsuite hostname="DESKTOP-OB4CSQL" ignored="0" name="Surefire test" tests="2" failures="0" timestamp="31 ene 2021 19:30:50 GMT" time="16.331" errors="0">
  <testcase name="pantalla de login on pantalla de login(pruebas._10_GebSpec)" time="9.582" classname="pruebas._10_GebSpec"/>
  <testcase name="insertarCliente on insertarCliente(pruebas._11_PaginaClientes_Spec)" time="6.677" classname="pruebas._11_PaginaClientes_Spec"/>
</testsuite> <!-- Surefire test -->
